Request Data: {'csrfmiddlewaretoken': ['S6mVHgQOYZe8vy9ZZpjWSBnr2ufjanAURc1aTiHqBnqU1rBZq490D4bBjpiznqPs'], 'voucher_date': ['2025-10-24'], 'payment_type': ['CHEQUE'], 'name_title': ['MRS'], 'pay_to': ['Abin'], 'attachment': [''], 'particulars': ['[{"description":"not","amount":8950545}]']}
Parsed Particulars: [{'description': 'not', 'amount': 8950545}]
Serializer Errors: {'particulars': [ErrorDetail(string='This field is required.', code='required')]}
Request Data: {'csrfmiddlewaretoken': ['S6mVHgQOYZe8vy9ZZpjWSBnr2ufjanAURc1aTiHqBnqU1rBZq490D4bBjpiznqPs'], 'voucher_date': ['2025-10-24'], 'payment_type': ['CHEQUE'], 'name_title': ['MRS'], 'pay_to': ['Abin'], 'attachment': [''], 'particulars': ['[{"description":"not","amount":8950545}]']}
Parsed Particulars: [{'description': 'not', 'amount': 8950545}]
Serializer Errors: {'particulars': [ErrorDetail(string='This field is required.', code='required')]}
Request Data: {'csrfmiddlewaretoken': ['S6mVHgQOYZe8vy9ZZpjWSBnr2ufjanAURc1aTiHqBnqU1rBZq490D4bBjpiznqPs'], 'voucher_date': ['2025-10-24'], 'payment_type': ['CHEQUE'], 'name_title': ['MRS'], 'pay_to': ['Abin'], 'attachment': [''], 'particulars': ['[{"description":"not","amount":8950545}]']}
Parsed Particulars: [{'description': 'not', 'amount': 8950545}]
Serializer Errors: {'particulars': [ErrorDetail(string='This field is required.', code='required')]}
Watching for file changes with StatReloader
"GET / HTTP/1.1" 200 19698
"GET /accounts/login/ HTTP/1.1" 200 21812
"GET / HTTP/1.1" 200 19698
"GET /accounts/login/ HTTP/1.1" 200 21812
"POST /accounts/login/ HTTP/1.1" 302 0
"GET / HTTP/1.1" 200 32246
"GET /api/approval/control/ HTTP/1.1" 200 160
"POST /accounts/logout/ HTTP/1.1" 302 0
"GET / HTTP/1.1" 200 19698
"GET /accounts/login/ HTTP/1.1" 200 21812
"POST /accounts/login/ HTTP/1.1" 200 22058
"POST /accounts/login/ HTTP/1.1" 200 22058
"POST /accounts/login/ HTTP/1.1" 200 22058
"GET / HTTP/1.1" 200 19698
"GET /accounts/login/ HTTP/1.1" 200 21812
"POST /accounts/login/ HTTP/1.1" 302 0
"GET / HTTP/1.1" 200 27462
"GET /vouchers/ HTTP/1.1" 200 37264
"POST /api/vouchers/create/ HTTP/1.1" 201 469
"GET /vouchers/ HTTP/1.1" 200 40795
"GET /vouchers/35/ HTTP/1.1" 200 38395
Not Found: /media/vouchers/attachments/Screenshot_30_QunAkIZ.png
"GET /media/vouchers/attachments/Screenshot_30_QunAkIZ.png HTTP/1.1" 404 179
"GET / HTTP/1.1" 200 27462
"GET /vouchers/ HTTP/1.1" 200 40795
Watching for file changes with StatReloader
"GET / HTTP/1.1" 200 27462
"GET /vouchers/ HTTP/1.1" 200 40795
"POST /accounts/logout/ HTTP/1.1" 302 0
"GET / HTTP/1.1" 200 19698
"GET /accounts/login/ HTTP/1.1" 200 21812
"POST /accounts/login/ HTTP/1.1" 200 22058
"POST /accounts/login/ HTTP/1.1" 200 22058
D:\Internship\PV4\voucher_system\voucher_system\urls.py changed, reloading.
Watching for file changes with StatReloader
"GET / HTTP/1.1" 200 19698
"GET /accounts/login/ HTTP/1.1" 200 21812
"POST /accounts/login/ HTTP/1.1" 302 0
"GET / HTTP/1.1" 200 27462
"GET /vouchers/ HTTP/1.1" 200 40795
"GET /vouchers/35/ HTTP/1.1" 200 38395
Not Found: /media/vouchers/attachments/Screenshot_30_QunAkIZ.png
"GET /media/vouchers/attachments/Screenshot_30_QunAkIZ.png HTTP/1.1" 404 179
Watching for file changes with StatReloader
"GET / HTTP/1.1" 200 27462
Not Found: /favicon.ico
"GET /favicon.ico HTTP/1.1" 404 179
"GET /vouchers/ HTTP/1.1" 200 40795
"GET /vouchers/35/ HTTP/1.1" 200 38395
"GET /vouchers/35/ HTTP/1.1" 200 38395
Not Found: /media/vouchers/attachments/Screenshot_30_QunAkIZ.png
"GET /media/vouchers/attachments/Screenshot_30_QunAkIZ.png HTTP/1.1" 404 179
"GET /vouchers/35/ HTTP/1.1" 200 38395
"GET / HTTP/1.1" 200 27462
"GET /vouchers/ HTTP/1.1" 200 40795
D:\Internship\PV4\voucher_system\voucher_system\settings.py changed, reloading.
Watching for file changes with StatReloader
"GET / HTTP/1.1" 200 27462
"GET /vouchers/ HTTP/1.1" 200 40795
"GET /vouchers/35/ HTTP/1.1" 200 38395
Not Found: /media/vouchers/attachments/Screenshot_30_QunAkIZ.png
"GET /media/vouchers/attachments/Screenshot_30_QunAkIZ.png HTTP/1.1" 404 179
D:\Internship\PV4\voucher_system\voucher_system\urls.py changed, reloading.
Watching for file changes with StatReloader
D:\Internship\PV4\voucher_system\voucher_system\settings.py changed, reloading.
Watching for file changes with StatReloader
Not Found: /media/vouchers/attachments/Screenshot_30_QunAkIZ.png
"GET /media/vouchers/attachments/Screenshot_30_QunAkIZ.png HTTP/1.1" 404 179
Not Found: /media/vouchers/attachments/Screenshot_30_QunAkIZ.png
"GET /media/vouchers/attachments/Screenshot_30_QunAkIZ.png HTTP/1.1" 404 179
"GET / HTTP/1.1" 200 27462
"GET /vouchers/ HTTP/1.1" 200 40795
"POST /api/vouchers/create/ HTTP/1.1" 201 461
"GET /vouchers/ HTTP/1.1" 200 44444
"GET /vouchers/36/ HTTP/1.1" 200 38387
Not Found: /media/vouchers/attachments/Screenshot_31.png
"GET /media/vouchers/attachments/Screenshot_31.png HTTP/1.1" 404 179
"GET /vouchers/35/ HTTP/1.1" 200 38395
Not Found: /media/vouchers/attachments/Screenshot_30_QunAkIZ.png
"GET /media/vouchers/attachments/Screenshot_30_QunAkIZ.png HTTP/1.1" 404 179
D:\Internship\PV4\voucher_system\voucher_system\urls.py changed, reloading.
Watching for file changes with StatReloader
Not Found: /media/vouchers/attachments/Screenshot_30_QunAkIZ.png
"GET /media/vouchers/attachments/Screenshot_30_QunAkIZ.png HTTP/1.1" 404 179
D:\Internship\PV4\voucher_system\voucher_system\settings.py changed, reloading.
Watching for file changes with StatReloader
"GET / HTTP/1.1" 200 27462
"GET /vouchers/ HTTP/1.1" 200 44444
"GET /vouchers/35/ HTTP/1.1" 200 38395
Not Found: /media/vouchers/attachments/Screenshot_30_QunAkIZ.png
"GET /media/vouchers/attachments/Screenshot_30_QunAkIZ.png HTTP/1.1" 404 179
Watching for file changes with StatReloader
"GET / HTTP/1.1" 200 27462
"GET /vouchers/ HTTP/1.1" 200 44444
"GET /vouchers/35/ HTTP/1.1" 200 38395
Not Found: /media/vouchers/attachments/Screenshot_30_QunAkIZ.png
"GET /media/vouchers/attachments/Screenshot_30_QunAkIZ.png HTTP/1.1" 404 179
Not Found: /media/vouchers/attachments/Screenshot_30_QunAkIZ.png
"GET /media/vouchers/attachments/Screenshot_30_QunAkIZ.png HTTP/1.1" 404 179
Watching for file changes with StatReloader
"GET / HTTP/1.1" 200 27462
"POST /accounts/logout/ HTTP/1.1" 302 0
"GET / HTTP/1.1" 200 19698
"GET /accounts/login/ HTTP/1.1" 200 21812
"POST /accounts/login/ HTTP/1.1" 200 22061
"POST /accounts/login/ HTTP/1.1" 302 0
"GET / HTTP/1.1" 200 37919
"GET /api/approval/control/ HTTP/1.1" 200 160
"GET /vouchers/ HTTP/1.1" 200 53779
"DELETE /api/vouchers/35/delete/ HTTP/1.1" 200 51
"DELETE /api/vouchers/36/delete/ HTTP/1.1" 200 51
"POST /accounts/logout/ HTTP/1.1" 302 0
"GET / HTTP/1.1" 200 19698
"GET /accounts/login/ HTTP/1.1" 200 21812
"POST /accounts/login/ HTTP/1.1" 302 0
"GET / HTTP/1.1" 200 27462
"POST /api/vouchers/create/ HTTP/1.1" 201 461
"GET / HTTP/1.1" 200 27462
"GET /vouchers/ HTTP/1.1" 200 40795
"GET /vouchers/37/ HTTP/1.1" 200 38387
Not Found: /media/vouchers/attachments/Screenshot_30.png
"GET /media/vouchers/attachments/Screenshot_30.png HTTP/1.1" 404 179
D:\Internship\PV4\voucher_system\voucher_system\settings.py changed, reloading.
Watching for file changes with StatReloader
Watching for file changes with StatReloader
"GET / HTTP/1.1" 200 27462
"GET /vouchers/ HTTP/1.1" 200 40795
"GET /vouchers/37/ HTTP/1.1" 200 38387
Not Found: /media/vouchers/attachments/Screenshot_30.png
"GET /media/vouchers/attachments/Screenshot_30.png HTTP/1.1" 404 179
"GET /vouchers/ HTTP/1.1" 200 40795
"POST /api/vouchers/create/ HTTP/1.1" 201 469
"GET /vouchers/ HTTP/1.1" 200 44444
"GET /vouchers/38/ HTTP/1.1" 200 38395
Not Found: /media/vouchers/attachments/Screenshot_30_uBsD3Wt.png
"GET /media/vouchers/attachments/Screenshot_30_uBsD3Wt.png HTTP/1.1" 404 179
"GET /vouchers/ HTTP/1.1" 200 44444
"GET /vouchers/37/ HTTP/1.1" 200 38387
Not Found: /media/vouchers/attachments/Screenshot_30.png
"GET /media/vouchers/attachments/Screenshot_30.png HTTP/1.1" 404 179
Watching for file changes with StatReloader
"GET / HTTP/1.1" 200 27462
"GET /vouchers/ HTTP/1.1" 200 44444
"GET /vouchers/37/ HTTP/1.1" 200 38387
Not Found: /media/vouchers/attachments/Screenshot_30.png
"GET /media/vouchers/attachments/Screenshot_30.png HTTP/1.1" 404 179
D:\Internship\PV4\voucher_system\voucher_system\settings.py changed, reloading.
Watching for file changes with StatReloader
"GET / HTTP/1.1" 200 27791
Not Found: /favicon.ico
"GET /favicon.ico HTTP/1.1" 404 179
"GET /vouchers/ HTTP/1.1" 200 70264
"GET /vouchers/59/ HTTP/1.1" 200 39889
Not Found: /media/vouchers/particulars/Screenshot_32_TchyUZJ.png
"GET /media/vouchers/particulars/Screenshot_32_TchyUZJ.png HTTP/1.1" 404 179
D:\Internship\PV4\voucher_system\voucher_system\settings.py changed, reloading.
Error sending voucher notifications: 'str' object has no attribute 'strftime'
Traceback (most recent call last):
  File "D:\PaymentVoucher\voucher_system\vouchers\whatsapp_notification.py", line 218, in notify_approvers_new_voucher
    message = _build_approval_message(
              ^^^^^^^^^^^^^^^^^^^^^^^^
  File "D:\PaymentVoucher\voucher_system\vouchers\whatsapp_notification.py", line 271, in _build_approval_message
    voucher_date = voucher.voucher_date.strftime("%d %b %Y")
                   ^^^^^^^^^^^^^^^^^^^^^^^^^^^^^
AttributeError: 'str' object has no attribute 'strftime'
WhatsApp notification sent to GM (+919446017520) for voucher VCH0006
Voucher VCH0006: Notified 1 approver(s)
[WhatsApp TEST] To: +919446017520 | Message: ? *Voucher Approval Required*

Hello GM,

A new voucher has been created and requires your approval....
[WhatsApp TEST] To: +919446017520 | Message: ? *Voucher Approval Required*

Hello GM,

A new voucher has been created and requires your approval....
[WhatsApp TEST] To: +918590649355 | Message: ? *Voucher Approval Required*

Hello Director,

A new voucher has been created and requires your app...
WhatsApp notification sent to GM (+919446017520) for voucher VCH0010
WhatsApp notification sent to Director (+918590649355) for voucher VCH0010
Voucher VCH0010: Notified 2 approver(s)
[WhatsApp TEST] To: +919446017520 | Message: ? *Voucher Approval Required*

Hello GM,

A new voucher has been created and requires your approval....
[WhatsApp TEST] To: +918590649355 | Message: ? *Voucher Approval Required*

Hello Director,

A new voucher has been created and requires your app...
[WhatsApp TEST] To: +919446017520 | Message: ? *Voucher Approval Required*

Hello GM,

A new voucher has been created and requires your approval....
[WhatsApp TEST] To: +918590649355 | Message: ? *Voucher Approval Required*

Hello Director,

A new voucher has been created and requires your app...
[WhatsApp TEST] To: +919446017520 | Message: ? *Voucher Approval Required*

Hello Antony,

A new voucher has been created and requires your appro...
[WhatsApp TEST] To: +918590649355 | Message: ? *Voucher Approval Required*

Hello Director,

A new voucher has been created and requires your app...
[WhatsApp TEST] To: +919446017520 | Message: ? *Voucher Approval Required*

Hello Antony,

A new voucher has been created and requires your appro...
[WhatsApp TEST] To: +918590649355 | Message: ? *Voucher Approval Required*

Hello Director,

A new voucher has been created and requires your app...
[WhatsApp TEST] To: +919446017520 | Message: ? *Voucher Approval Required*

Hello Antony,

A new voucher has been created and requires your appro...
[WhatsApp TEST] To: +918590649355 | Message: ? *Voucher Approval Required*

Hello Director,

A new voucher has been created and requires your app...
[WhatsApp TEST] To: +919446017520 | Message: ? *Voucher Approval Required*

Hello Antony,

A new voucher has been created and requires your appro...
[WhatsApp TEST] To: +918590649355 | Message: ? *Voucher Approval Required*

Hello Director,

A new voucher has been created and requires your app...
[WhatsApp TEST] To: +919446017520 | Message: ? *Voucher Approval Required*

Hello Antony,

A new voucher has been created and requires your appro...
[WhatsApp TEST] To: +918590649355 | Message: ? *Voucher Approval Required*

Hello Director,

A new voucher has been created and requires your app...
[WhatsApp TEST] To: +919446017520 | Message: ? *Voucher Approval Required*

Hello Antony,

A new voucher has been created and requires your appro...
[WhatsApp TEST] To: +918590649355 | Message: ? *Voucher Approval Required*

Hello Director,

A new voucher has been created and requires your app...
WHATSAPP_LIVE_MODE=True but no API implementation found!
[WhatsApp] Voucher VCH0006 ďż˝ 2 level(s)
WHATSAPP_LIVE_MODE=True but no API implementation found!
[WhatsApp] Failed to notify Vivek: No API implementation configured
[WhatsApp] VIPIN: no mobile number, skipping
[WhatsApp] Total notified: 1
[WhatsApp] Voucher VCH0007 ďż˝ 2 level(s)
WhatsApp text send failed: {'error': {'message': 'Authentication Error', 'code': 190, 'type': 'OAuthException', 'fbtrace_id': 'AQsXcMAyyL7lWTsugmTax4D'}}
[WhatsApp] Failed to notify Vivek: {'error': {'message': 'Authentication Error', 'code': 190, 'type': 'OAuthException', 'fbtrace_id': 'AQsXcMAyyL7lWTsugmTax4D'}}
[WhatsApp] VIPIN: no mobile number, skipping
[WhatsApp] Total notified: 1
[WhatsApp] Voucher VCH0007 ďż˝ 2 level(s)
WhatsApp text send failed: {'error': {'message': 'Authentication Error', 'code': 190, 'type': 'OAuthException', 'fbtrace_id': 'AAzVTZHfRzlrUPdT0M_ZP0V'}}
[WhatsApp] Failed to notify Vivek: {'error': {'message': 'Authentication Error', 'code': 190, 'type': 'OAuthException', 'fbtrace_id': 'AAzVTZHfRzlrUPdT0M_ZP0V'}}
[WhatsApp] VIPIN: no mobile number, skipping
[WhatsApp] Total notified: 1
[WhatsApp] Voucher VCH0007 ďż˝ 2 level(s)
[WhatsApp] Notified Vivek (+919446017520)
[WhatsApp] VIPIN: no mobile number, skipping
[WhatsApp] Total notified: 1
[WhatsApp] Voucher VCH0007 ďż˝ 2 level(s)
[WhatsApp] Notified Vivek (+919446017520)
[WhatsApp] VIPIN: no mobile number, skipping
[WhatsApp] Total notified: 1

[WhatsApp] Voucher VCH0097 — Level 1 approved, notifying Level 2 (Director 2)
[WhatsApp] Vivek: no mobile, skipping
[WhatsApp] Voucher VCH0096 — Level 1 approved, notifying Level 2 (Director 2)
[WhatsApp] Vivek: no mobile, skipping
WhatsApp media upload exception: HTTPSConnectionPool(host='graph.facebook.com', port=443): Max retries exceeded with url: /v18.0/1201789883020583/media (Caused by NameResolutionError("HTTPSConnection(host='graph.facebook.com', port=443): Failed to resolve 'graph.facebook.com' ([Errno 11001] getaddrinfo failed)"))
Traceback (most recent call last):
  File "D:\PaymentVoucher\venv\Lib\site-packages\urllib3\connection.py", line 204, in _new_conn
    sock = connection.create_connection(
           ^^^^^^^^^^^^^^^^^^^^^^^^^^^^^
  File "D:\PaymentVoucher\venv\Lib\site-packages\urllib3\util\connection.py", line 60, in create_connection
    for res in socket.getaddrinfo(host, port, family, socket.SOCK_STREAM):
               ^^^^^^^^^^^^^^^^^^^^^^^^^^^^^^^^^^^^^^^^^^^^^^^^^^^^^^^^^^
  File "C:\Program Files\WindowsApps\PythonSoftwareFoundation.Python.3.11_3.11.2544.0_x64__qbz5n2kfra8p0\Lib\socket.py", line 962, in getaddrinfo
    for res in _socket.getaddrinfo(host, port, family, type, proto, flags):
               ^^^^^^^^^^^^^^^^^^^^^^^^^^^^^^^^^^^^^^^^^^^^^^^^^^^^^^^^^^^
socket.gaierror: [Errno 11001] getaddrinfo failed

The above exception was the direct cause of the following exception:

Traceback (most recent call last):
  File "D:\PaymentVoucher\venv\Lib\site-packages\urllib3\connectionpool.py", line 788, in urlopen
    response = self._make_request(
               ^^^^^^^^^^^^^^^^^^^
  File "D:\PaymentVoucher\venv\Lib\site-packages\urllib3\connectionpool.py", line 488, in _make_request
    raise new_e
  File "D:\PaymentVoucher\venv\Lib\site-packages\urllib3\connectionpool.py", line 464, in _make_request
    self._validate_conn(conn)
  File "D:\PaymentVoucher\venv\Lib\site-packages\urllib3\connectionpool.py", line 1106, in _validate_conn
    conn.connect()
  File "D:\PaymentVoucher\venv\Lib\site-packages\urllib3\connection.py", line 759, in connect
    self.sock = sock = self._new_conn()
                       ^^^^^^^^^^^^^^^^
  File "D:\PaymentVoucher\venv\Lib\site-packages\urllib3\connection.py", line 211, in _new_conn
    raise NameResolutionError(self.host, self, e) from e
urllib3.exceptions.NameResolutionError: HTTPSConnection(host='graph.facebook.com', port=443): Failed to resolve 'graph.facebook.com' ([Errno 11001] getaddrinfo failed)

The above exception was the direct cause of the following exception:

Traceback (most recent call last):
  File "D:\PaymentVoucher\venv\Lib\site-packages\requests\adapters.py", line 696, in send
    resp = conn.urlopen(
           ^^^^^^^^^^^^^
  File "D:\PaymentVoucher\venv\Lib\site-packages\urllib3\connectionpool.py", line 842, in urlopen
    retries = retries.increment(
              ^^^^^^^^^^^^^^^^^^
  File "D:\PaymentVoucher\venv\Lib\site-packages\urllib3\util\retry.py", line 543, in increment
    raise MaxRetryError(_pool, url, reason) from reason  # type: ignore[arg-type]
    ^^^^^^^^^^^^^^^^^^^^^^^^^^^^^^^^^^^^^^^^^^^^^^^^^^^
urllib3.exceptions.MaxRetryError: HTTPSConnectionPool(host='graph.facebook.com', port=443): Max retries exceeded with url: /v18.0/1201789883020583/media (Caused by NameResolutionError("HTTPSConnection(host='graph.facebook.com', port=443): Failed to resolve 'graph.facebook.com' ([Errno 11001] getaddrinfo failed)"))

During handling of the above exception, another exception occurred:

Traceback (most recent call last):
  File "D:\PaymentVoucher\voucher_system\vouchers\whatsapp_notification.py", line 420, in _upload_whatsapp_media
    resp = requests.post(
           ^^^^^^^^^^^^^^
  File "D:\PaymentVoucher\venv\Lib\site-packages\requests\api.py", line 134, in post
    return request("post", url, data=data, json=json, **kwargs)
           ^^^^^^^^^^^^^^^^^^^^^^^^^^^^^^^^^^^^^^^^^^^^^^^^^^^^
  File "D:\PaymentVoucher\venv\Lib\site-packages\requests\api.py", line 71, in request
    return session.request(method=method, url=url, **kwargs)
           ^^^^^^^^^^^^^^^^^^^^^^^^^^^^^^^^^^^^^^^^^^^^^^^^^
  File "D:\PaymentVoucher\venv\Lib\site-packages\requests\sessions.py", line 651, in request
    resp = self.send(prep, **send_kwargs)
           ^^^^^^^^^^^^^^^^^^^^^^^^^^^^^^
  File "D:\PaymentVoucher\venv\Lib\site-packages\requests\sessions.py", line 784, in send
    r = adapter.send(request, **kwargs)
        ^^^^^^^^^^^^^^^^^^^^^^^^^^^^^^^
  File "D:\PaymentVoucher\venv\Lib\site-packages\requests\adapters.py", line 729, in send
    raise ConnectionError(e, request=request)
requests.exceptions.ConnectionError: HTTPSConnectionPool(host='graph.facebook.com', port=443): Max retries exceeded with url: /v18.0/1201789883020583/media (Caused by NameResolutionError("HTTPSConnection(host='graph.facebook.com', port=443): Failed to resolve 'graph.facebook.com' ([Errno 11001] getaddrinfo failed)"))
